Starting Heart Attack Risk Prediction Analysis...
Loading and preprocessing data...
Encoding categorical variables: 100%|████████████| 7/7 [00:00<00:00, 334.96it/s]

Balancing training data with SMOTE...
New class distribution: [20027 20027 20027]

Performing Exploratory Data Analysis...

Training models...
Training models:   0%|                                                         | 0/6 [00:00<?, ?it/s]
Results for Decision Tree:
Accuracy: 0.3680
Training time: 0.50 seconds

Classification Report:
Training models:  17%|████████▏                                        | 1/6 [00:00<00:02,  1.98it/s]
Results for SVM:
Accuracy: 0.3601
Training time: 434.33 seconds

Classification Report:
Training models:  33%|████████████████                                | 2/6 [07:14<17:02, 255.70s/it]
Results for AdaBoost:
Accuracy: 0.4568
Training time: 1.64 seconds

Classification Report:
Training models:  50%|████████████████████████                        | 3/6 [07:16<06:59, 139.69s/it]
Results for k-NN:
Accuracy: 0.3230
Training time: 0.26 seconds

Classification Report:
Training models:  67%|████████████████████████████████▋                | 4/6 [07:16<02:49, 84.65s/it]
Results for Random Forest:
Accuracy: 0.4675
Training time: 8.12 seconds

Classification Report:
Training models:  83%|████████████████████████████████████████▊        | 5/6 [07:24<00:57, 57.05s/it]/home/moshe/Documents/GitHub/HeartAttack/.venv/lib/python3.11/site-packages/xgboost/core.py:158: UserWarning: [13:50:59] WARNING: /workspace/src/learner.cc:740:
Parameters: { "use_label_encoder" } are not used.

  warnings.warn(smsg, UserWarning)

Results for XGBoost:
Accuracy: 0.4790
Training time: 0.38 seconds

Classification Report:
Training models: 100%|█████████████████████████████████████████████████| 6/6 [07:25<00:00, 74.21s/it]

Evaluating model performances...

Model: Decision Tree
Accuracy: 0.3680
Training Time: 0.50 seconds

Classification Report:
{'0': {'precision': 0.20437636761487965, 'recall': 0.2336168084042021, 'f1-score': 0.21802054154995332, 'support': 1999.0}, '1': {'precision': 0.49527085124677556, 'recall': 0.46107664598759257, 'f1-score': 0.4775624417038035, 'support': 4997.0}, '2': {'precision': 0.29676787463271304, 'recall': 0.3025965379494008, 'f1-score': 0.2996538651722433, 'support': 3004.0}, 'accuracy': 0.368, 'macro avg': {'precision': 0.33213836449812273, 'recall': 0.33242999744706514, 'f1-score': 0.33174561614200004, 'support': 10000.0}, 'weighted avg': {'precision': 0.37749074979389513, 'recall': 0.368, 'f1-score': 0.3722362794729682, 'support': 10000.0}}

Model: SVM
Accuracy: 0.3601
Training Time: 434.33 seconds

Classification Report:
{'0': {'precision': 0.19637139807897544, 'recall': 0.27613806903451726, 'f1-score': 0.22952182952182953, 'support': 1999.0}, '1': {'precision': 0.5016552637386891, 'recall': 0.45487292375425253, 'f1-score': 0.47712006717044503, 'support': 4997.0}, '2': {'precision': 0.29194883370955604, 'recall': 0.2583222370173103, 'f1-score': 0.2741080890144825, 'support': 3004.0}, 'accuracy': 0.3601, 'macro avg': {'precision': 0.3299918318424068, 'recall': 0.32977774326869336, 'f1-score': 0.3269166619022523, 'support': 10000.0}, 'weighted avg': {'precision': 0.3776332074125608, 'recall': 0.3601, 'f1-score': 0.36664038122643566, 'support': 10000.0}}

Model: AdaBoost
Accuracy: 0.4568
Training Time: 1.64 seconds

Classification Report:
{'0': {'precision': 0.19543973941368079, 'recall': 0.060030015007503754, 'f1-score': 0.09184845005740529, 'support': 1999.0}, '1': {'precision': 0.4996322628095121, 'recall': 0.8156894136481889, 'f1-score': 0.6196883314329152, 'support': 4997.0}, '2': {'precision': 0.30293159609120524, 'recall': 0.12383488681757657, 'f1-score': 0.17580340264650285, 'support': 3004.0}, 'accuracy': 0.4568, 'macro avg': {'precision': 0.33266786610479937, 'recall': 0.3331847718244231, 'f1-score': 0.29578006137894114, 'support': 10000.0}, 'weighted avg': {'precision': 0.379735297100506, 'recall': 0.4568, 'f1-score': 0.38083010653851257, 'support': 10000.0}}

Model: k-NN
Accuracy: 0.3230
Training Time: 0.26 seconds

Classification Report:
{'0': {'precision': 0.20347273171924676, 'recall': 0.416208104052026, 'f1-score': 0.2733245729303548, 'support': 1999.0}, '1': {'precision': 0.5114155251141552, 'recall': 0.31378827296377826, 'f1-score': 0.38893712017859355, 'support': 4997.0}, '2': {'precision': 0.29173989455184535, 'recall': 0.2762982689747004, 'f1-score': 0.2838091981535305, 'support': 3004.0}, 'accuracy': 0.323, 'macro avg': {'precision': 0.33554271712841577, 'recall': 0.33543154866350156, 'f1-score': 0.3153569637541596, 'support': 10000.0}, 'weighted avg': {'precision': 0.3838672012935951, 'recall': 0.323, 'f1-score': 0.3342457442073417, 'support': 10000.0}}

Model: Random Forest
Accuracy: 0.4675
Training Time: 8.12 seconds

Classification Report:
{'0': {'precision': 0.17293233082706766, 'recall': 0.02301150575287644, 'f1-score': 0.04061810154525387, 'support': 1999.0}, '1': {'precision': 0.5, 'recall': 0.8631178707224335, 'f1-score': 0.6331938633193863, 'support': 4997.0}, '2': {'precision': 0.2851985559566787, 'recall': 0.1051930758988016, 'f1-score': 0.15369649805447472, 'support': 3004.0}, 'accuracy': 0.4675, 'macro avg': {'precision': 0.3193769622612488, 'recall': 0.33044081745803716, 'f1-score': 0.27583615430637165, 'support': 10000.0}, 'weighted avg': {'precision': 0.3700928191417171, 'recall': 0.4675, 'f1-score': 0.3706969600151578, 'support': 10000.0}}

Model: XGBoost
Accuracy: 0.4790
Training Time: 0.38 seconds

Classification Report:
{'0': {'precision': 0.21604938271604937, 'recall': 0.017508754377188594, 'f1-score': 0.03239241092086997, 'support': 1999.0}, '1': {'precision': 0.5011208249271464, 'recall': 0.8947368421052632, 'f1-score': 0.6424312091385875, 'support': 4997.0}, '2': {'precision': 0.31004366812227074, 'recall': 0.09454061251664447, 'f1-score': 0.14489795918367346, 'support': 3004.0}, 'accuracy': 0.479, 'macro avg': {'precision': 0.3424046252551555, 'recall': 0.33559540299969876, 'f1-score': 0.27324052641437696, 'support': 10000.0}, 'weighted avg': {'precision': 0.3867354657249635, 'recall': 0.479, 'f1-score': 0.3710254650884096, 'support': 10000.0}}

Performing dimension reduction analysis...
